TN:
SF:src/index.ts
FN:13,getTroubleshootingInfo
FN:105,webSearch
FN:114,(anonymous_2)
FN:123,(anonymous_3)
FN:128,(anonymous_4)
FN:133,(anonymous_5)
FN:205,(anonymous_6)
FN:209,(anonymous_7)
FNF:8
FNH:8
FNDA:24,getTroubleshootingInfo
FNDA:31,webSearch
FNDA:34,(anonymous_2)
FNDA:33,(anonymous_3)
FNDA:33,(anonymous_4)
FNDA:33,(anonymous_5)
FNDA:33,(anonymous_6)
FNDA:33,(anonymous_7)
DA:14,24
DA:17,24
DA:18,9
DA:19,2
DA:21,7
DA:22,2
DA:24,5
DA:25,3
DA:27,2
DA:28,1
DA:33,24
DA:34,1
DA:40,24
DA:42,8
DA:43,1
DA:45,7
DA:46,1
DA:49,8
DA:51,2
DA:52,1
DA:55,2
DA:57,5
DA:58,1
DA:61,5
DA:63,1
DA:64,1
DA:67,1
DA:69,2
DA:70,1
DA:72,1
DA:73,1
DA:76,2
DA:78,3
DA:79,1
DA:81,2
DA:82,1
DA:84,1
DA:85,1
DA:88,3
DA:91,3
DA:92,2
DA:96,24
DA:106,31
DA:109,31
DA:110,1
DA:114,34
DA:115,30
DA:116,1
DA:120,29
DA:123,33
DA:128,33
DA:133,29
DA:134,33
DA:135,33
DA:138,9
DA:140,9
DA:144,24
DA:146,24
DA:147,9
DA:148,9
DA:149,15
DA:150,14
DA:152,1
DA:156,24
DA:163,24
DA:165,24
DA:166,18
DA:169,24
DA:172,24
DA:181,24
DA:186,29
DA:189,29
DA:190,29
DA:192,29
DA:193,33
DA:194,24
DA:195,24
DA:197,9
DA:202,29
DA:205,33
DA:209,33
DA:215,29
DA:216,21
DA:219,8
LF:84
LH:84
BRDA:17,0,0,9
BRDA:17,0,1,15
BRDA:18,1,0,2
BRDA:18,1,1,7
BRDA:18,2,0,9
BRDA:18,2,1,8
BRDA:21,3,0,2
BRDA:21,3,1,5
BRDA:24,4,0,3
BRDA:24,4,1,2
BRDA:27,5,0,1
BRDA:27,5,1,1
BRDA:33,6,0,1
BRDA:33,6,1,23
BRDA:40,7,0,8
BRDA:40,7,1,2
BRDA:40,7,2,5
BRDA:40,7,3,1
BRDA:40,7,4,2
BRDA:40,7,5,3
BRDA:40,7,6,3
BRDA:42,8,0,1
BRDA:42,8,1,7
BRDA:45,9,0,1
BRDA:45,9,1,6
BRDA:51,10,0,1
BRDA:51,10,1,1
BRDA:57,11,0,1
BRDA:57,11,1,4
BRDA:63,12,0,1
BRDA:63,12,1,0
BRDA:63,13,0,1
BRDA:63,13,1,1
BRDA:69,14,0,1
BRDA:69,14,1,1
BRDA:72,15,0,1
BRDA:72,15,1,0
BRDA:72,16,0,1
BRDA:72,16,1,0
BRDA:78,17,0,1
BRDA:78,17,1,2
BRDA:78,18,0,3
BRDA:78,18,1,2
BRDA:81,19,0,1
BRDA:81,19,1,1
BRDA:84,20,0,1
BRDA:84,20,1,0
BRDA:91,21,0,2
BRDA:91,21,1,1
BRDA:109,22,0,1
BRDA:109,22,1,30
BRDA:109,23,0,31
BRDA:109,23,1,31
BRDA:115,24,0,1
BRDA:115,24,1,29
BRDA:115,25,0,30
BRDA:115,25,1,2
BRDA:115,26,0,2
BRDA:115,26,1,1
BRDA:146,27,0,9
BRDA:146,27,1,15
BRDA:149,28,0,14
BRDA:149,28,1,1
BRDA:158,29,0,23
BRDA:158,29,1,1
BRDA:165,30,0,18
BRDA:165,30,1,6
BRDA:165,31,0,24
BRDA:165,31,1,18
BRDA:178,32,0,9
BRDA:178,32,1,15
BRDA:193,33,0,24
BRDA:193,33,1,9
BRDA:215,34,0,21
BRDA:215,34,1,8
BRDA:215,35,0,29
BRDA:215,35,1,22
BRF:77
BRH:73
end_of_record
TN:
SF:src/providers/arxiv.ts
FN:76,getText
FN:92,createArxivProvider
FN:100,(anonymous_2)
FN:143,(anonymous_3)
FN:161,(anonymous_4)
FN:165,(anonymous_5)
FN:167,(anonymous_6)
FN:179,(anonymous_7)
FN:193,(anonymous_8)
FN:294,(anonymous_9)
FN:300,(anonymous_10)
FNF:11
FNH:10
FNDA:129,getText
FNDA:31,createArxivProvider
FNDA:27,(anonymous_2)
FNDA:0,(anonymous_3)
FNDA:23,(anonymous_4)
FNDA:22,(anonymous_5)
FNDA:31,(anonymous_6)
FNDA:18,(anonymous_7)
FNDA:18,(anonymous_8)
FNDA:2,(anonymous_9)
FNDA:1,(anonymous_10)
DA:71,2
DA:77,129
DA:78,127
DA:80,2
DA:81,0
DA:83,2
DA:94,31
DA:96,31
DA:110,27
DA:112,27
DA:113,1
DA:116,26
DA:117,26
DA:120,25
DA:122,26
DA:123,1
DA:125,26
DA:126,26
DA:127,26
DA:128,26
DA:130,26
DA:132,26
DA:134,26
DA:135,26
DA:136,18
DA:140,18
DA:143,0
DA:146,17
DA:148,17
DA:149,2
DA:150,2
DA:153,15
DA:154,15
DA:156,27
DA:157,1
DA:158,1
DA:161,14
DA:162,23
DA:163,23
DA:164,23
DA:165,22
DA:167,31
DA:169,23
DA:170,9
DA:171,14
DA:174,13
DA:177,23
DA:179,18
DA:183,23
DA:193,18
DA:201,14
DA:202,27
DA:207,27
DA:209,9
DA:213,9
DA:214,2
DA:215,2
DA:216,2
DA:217,2
DA:219,7
DA:232,4
DA:233,4
DA:235,4
DA:236,4
DA:237,1
DA:240,1
DA:241,3
DA:246,1
DA:247,1
DA:248,2
DA:249,1
DA:250,1
DA:251,1
DA:252,0
DA:254,0
DA:255,0
DA:257,3
DA:260,2
DA:264,1
DA:267,9
DA:273,9
DA:284,2
DA:294,2
DA:303,1
LF:84
LH:79
BRDA:77,0,0,127
BRDA:77,0,1,2
BRDA:80,1,0,0
BRDA:80,1,1,2
BRDA:80,2,0,2
BRDA:80,2,1,0
BRDA:80,2,2,0
BRDA:92,3,0,31
BRDA:94,4,0,31
BRDA:94,4,1,30
BRDA:99,5,0,31
BRDA:99,5,1,31
BRDA:104,6,0,27
BRDA:105,7,0,27
BRDA:106,8,0,27
BRDA:107,9,0,27
BRDA:112,10,0,1
BRDA:112,10,1,26
BRDA:112,11,0,27
BRDA:112,11,1,2
BRDA:117,12,0,25
BRDA:117,12,1,1
BRDA:122,13,0,1
BRDA:122,13,1,25
BRDA:148,14,0,2
BRDA:148,14,1,15
BRDA:148,15,0,17
BRDA:148,15,1,16
BRDA:154,16,0,14
BRDA:154,16,1,1
BRDA:154,17,0,9
BRDA:154,17,1,5
BRDA:156,18,0,1
BRDA:156,18,1,26
BRDA:163,19,0,22
BRDA:163,19,1,1
BRDA:163,20,0,18
BRDA:163,20,1,4
BRDA:165,21,0,22
BRDA:165,21,1,22
BRDA:169,22,0,9
BRDA:169,22,1,14
BRDA:171,23,0,13
BRDA:171,23,1,1
BRDA:177,24,0,22
BRDA:177,24,1,1
BRDA:178,25,0,9
BRDA:178,25,1,13
BRDA:184,26,0,23
BRDA:184,26,1,1
BRDA:187,27,0,23
BRDA:187,27,1,1
BRDA:191,28,0,18
BRDA:191,28,1,5
BRDA:192,29,0,9
BRDA:192,29,1,9
BRDA:195,30,0,4
BRDA:195,30,1,1
BRDA:201,31,0,14
BRDA:201,31,1,0
BRDA:213,32,0,2
BRDA:213,32,1,7
BRDA:216,33,0,2
BRDA:216,33,1,0
BRDA:219,34,0,4
BRDA:219,34,1,3
BRDA:221,35,0,7
BRDA:221,35,1,6
BRDA:221,35,2,6
BRDA:235,36,0,4
BRDA:235,36,1,0
BRDA:235,37,0,4
BRDA:235,37,1,4
BRDA:236,38,0,1
BRDA:236,38,1,3
BRDA:236,39,0,4
BRDA:236,39,1,3
BRDA:236,39,2,1
BRDA:241,40,0,1
BRDA:241,40,1,2
BRDA:242,41,0,3
BRDA:242,41,1,2
BRDA:242,41,2,1
BRDA:248,42,0,1
BRDA:248,42,1,1
BRDA:251,43,0,0
BRDA:251,43,1,1
BRDA:254,44,0,0
BRDA:254,44,1,0
BRDA:257,45,0,2
BRDA:257,45,1,1
BRDA:268,46,0,4
BRDA:268,46,1,5
BRDA:269,47,0,4
BRDA:269,47,1,5
BRDA:294,48,0,2
BRF:96
BRH:87
end_of_record
TN:
SF:src/providers/brave.ts
FN:93,createBraveProvider
FN:104,(anonymous_1)
FN:195,(anonymous_2)
FN:280,(anonymous_3)
FN:285,(anonymous_4)
FNF:5
FNH:5
FNDA:23,createBraveProvider
FNDA:20,(anonymous_1)
FNDA:10,(anonymous_2)
FNDA:1,(anonymous_3)
FNDA:1,(anonymous_4)
DA:82,2
DA:94,23
DA:95,1
DA:98,22
DA:99,23
DA:101,23
DA:114,20
DA:117,20
DA:120,20
DA:121,1
DA:124,19
DA:125,19
DA:126,19
DA:128,19
DA:129,1
DA:133,19
DA:134,1
DA:137,19
DA:138,1
DA:142,19
DA:143,1
DA:147,19
DA:153,20
DA:165,20
DA:166,20
DA:173,12
DA:180,20
DA:189,20
DA:190,2
DA:191,2
DA:195,10
DA:198,10
DA:199,10
DA:201,1
DA:204,10
DA:216,7
DA:217,7
DA:219,7
DA:221,5
DA:222,1
DA:223,4
DA:224,1
DA:226,3
DA:227,1
DA:229,2
DA:230,1
DA:231,1
DA:232,1
DA:236,5
DA:237,2
DA:238,1
DA:241,1
DA:242,1
DA:245,1
DA:249,7
DA:250,6
DA:254,7
DA:260,7
DA:270,2
DA:280,1
DA:286,1
LF:61
LH:61
BRDA:94,0,0,1
BRDA:94,0,1,22
BRDA:98,1,0,22
BRDA:98,1,1,21
BRDA:99,2,0,23
BRDA:99,2,1,21
BRDA:107,3,0,20
BRDA:108,4,0,20
BRDA:120,5,0,1
BRDA:120,5,1,19
BRDA:128,6,0,1
BRDA:128,6,1,18
BRDA:133,7,0,1
BRDA:133,7,1,18
BRDA:137,8,0,1
BRDA:137,8,1,18
BRDA:142,9,0,1
BRDA:142,9,1,18
BRDA:149,10,0,19
BRDA:149,10,1,0
BRDA:173,11,0,11
BRDA:173,11,1,1
BRDA:174,12,0,11
BRDA:174,12,1,1
BRDA:175,13,0,1
BRDA:175,13,1,0
BRDA:176,14,0,1
BRDA:176,14,1,0
BRDA:177,15,0,0
BRDA:177,15,1,0
BRDA:182,16,0,20
BRDA:182,16,1,2
BRDA:183,17,0,20
BRDA:183,17,1,1
BRDA:189,18,0,2
BRDA:189,18,1,18
BRDA:219,19,0,5
BRDA:219,19,1,2
BRDA:221,20,0,1
BRDA:221,20,1,4
BRDA:223,21,0,1
BRDA:223,21,1,3
BRDA:226,22,0,1
BRDA:226,22,1,2
BRDA:229,23,0,1
BRDA:229,23,1,1
BRDA:231,24,0,1
BRDA:231,24,1,0
BRDA:237,25,0,1
BRDA:237,25,1,1
BRDA:241,26,0,1
BRDA:241,26,1,0
BRDA:241,27,0,1
BRDA:241,27,1,0
BRDA:249,28,0,6
BRDA:249,28,1,1
BRDA:255,29,0,6
BRDA:255,29,1,1
BRDA:256,30,0,5
BRDA:256,30,1,2
BRF:60
BRH:52
end_of_record
TN:
SF:src/providers/duckduckgo.ts
FN:88,normalizeText
FN:95,normalizeUrl
FN:110,extractVqd
FN:126,createDuckDuckGoProvider
FN:149,(anonymous_4)
FN:206,searchText
FN:296,searchImages
FN:373,searchNews
FN:464,(anonymous_8)
FN:470,(anonymous_9)
FNF:10
FNH:10
FNDA:6,normalizeText
FNDA:20,normalizeUrl
FNDA:9,extractVqd
FNDA:22,createDuckDuckGoProvider
FNDA:18,(anonymous_4)
FNDA:8,searchText
FNDA:5,searchImages
FNDA:4,searchNews
FNDA:2,(anonymous_8)
FNDA:1,(anonymous_9)
DA:78,2
DA:89,6
DA:96,20
DA:97,20
DA:98,3
DA:100,17
DA:101,0
DA:103,17
DA:111,9
DA:112,9
DA:113,9
DA:114,9
DA:116,0
DA:128,22
DA:129,22
DA:131,22
DA:138,22
DA:146,22
DA:157,18
DA:160,18
DA:161,18
DA:163,18
DA:164,1
DA:167,17
DA:169,17
DA:170,5
DA:171,12
DA:172,4
DA:175,8
DA:178,6
DA:181,6
DA:182,2
DA:183,2
DA:184,2
DA:185,2
DA:187,4
DA:188,3
DA:190,1
DA:193,6
DA:198,6
DA:214,8
DA:215,8
DA:218,8
DA:225,8
DA:230,4
DA:235,4
DA:236,4
DA:238,4
DA:242,1
DA:245,1
DA:246,0
DA:247,0
DA:252,0
DA:253,0
DA:264,3
DA:267,3
DA:268,3
DA:269,3
DA:274,3
DA:275,3
DA:285,4
DA:290,4
DA:304,5
DA:307,5
DA:315,5
DA:316,5
DA:317,1
DA:321,4
DA:328,4
DA:329,4
DA:330,4
DA:331,4
DA:332,4
DA:333,4
DA:336,5
DA:344,4
DA:345,4
DA:347,4
DA:348,4
DA:349,23
DA:350,8
DA:351,8
DA:362,4
DA:367,4
DA:381,4
DA:384,4
DA:392,4
DA:393,4
DA:394,1
DA:398,3
DA:405,3
DA:406,3
DA:407,3
DA:408,3
DA:409,3
DA:410,3
DA:411,3
DA:414,4
DA:419,3
DA:420,3
DA:422,3
DA:423,3
DA:424,24
DA:425,7
DA:426,7
DA:441,3
DA:446,3
DA:454,2
DA:464,2
DA:471,1
LF:110
LH:104
BRDA:96,0,0,0
BRDA:96,0,1,20
BRDA:97,1,0,3
BRDA:97,1,1,17
BRDA:100,2,0,0
BRDA:100,2,1,17
BRDA:100,3,0,17
BRDA:100,3,1,17
BRDA:114,4,0,7
BRDA:114,4,1,2
BRDA:126,5,0,22
BRDA:128,6,0,22
BRDA:128,6,1,14
BRDA:129,7,0,22
BRDA:129,7,1,21
BRDA:132,8,0,22
BRDA:132,8,1,22
BRDA:132,9,0,1
BRDA:132,9,1,21
BRDA:133,10,0,22
BRDA:133,10,1,22
BRDA:134,11,0,22
BRDA:134,11,1,22
BRDA:140,12,0,22
BRDA:140,12,1,21
BRDA:142,13,0,1
BRDA:142,13,1,21
BRDA:148,14,0,22
BRDA:148,14,1,22
BRDA:152,15,0,18
BRDA:153,16,0,18
BRDA:154,17,0,18
BRDA:161,18,0,18
BRDA:161,18,1,17
BRDA:163,19,0,1
BRDA:163,19,1,17
BRDA:169,20,0,5
BRDA:169,20,1,12
BRDA:171,21,0,4
BRDA:171,21,1,8
BRDA:181,22,0,2
BRDA:181,22,1,4
BRDA:184,23,0,2
BRDA:184,23,1,0
BRDA:187,24,0,3
BRDA:187,24,1,1
BRDA:194,25,0,5
BRDA:194,25,1,1
BRDA:195,26,0,5
BRDA:195,26,1,1
BRDA:214,27,0,1
BRDA:214,27,1,7
BRDA:238,28,0,1
BRDA:238,28,1,3
BRDA:245,29,0,1
BRDA:245,29,1,0
BRDA:247,30,0,0
BRDA:247,30,1,0
BRDA:248,31,0,0
BRDA:248,31,1,0
BRDA:248,31,2,0
BRDA:267,32,0,3
BRDA:267,32,1,3
BRDA:269,33,0,3
BRDA:269,33,1,0
BRDA:270,34,0,3
BRDA:270,34,1,3
BRDA:270,34,2,3
BRDA:316,35,0,1
BRDA:316,35,1,4
BRDA:333,36,0,4
BRDA:333,36,1,0
BRDA:347,37,0,4
BRDA:347,37,1,0
BRDA:349,38,0,8
BRDA:349,38,1,15
BRDA:349,39,0,23
BRDA:349,39,1,23
BRDA:393,40,0,1
BRDA:393,40,1,3
BRDA:411,41,0,3
BRDA:411,41,1,0
BRDA:422,42,0,3
BRDA:422,42,1,0
BRDA:424,43,0,7
BRDA:424,43,1,17
BRDA:424,44,0,24
BRDA:424,44,1,24
BRDA:434,45,0,2
BRDA:434,45,1,5
BRDA:464,46,0,2
BRF:91
BRH:77
end_of_record
TN:
SF:src/providers/exa.ts
FN:46,createExaProvider
FN:56,(anonymous_1)
FN:100,(anonymous_2)
FN:197,(anonymous_3)
FN:202,(anonymous_4)
FNF:5
FNH:5
FNDA:21,createExaProvider
FNDA:18,(anonymous_1)
FNDA:13,(anonymous_2)
FNDA:1,(anonymous_3)
FNDA:1,(anonymous_4)
DA:38,2
DA:47,21
DA:48,1
DA:51,20
DA:53,21
DA:57,18
DA:60,18
DA:66,18
DA:75,18
DA:81,18
DA:82,18
DA:88,9
DA:94,18
DA:95,2
DA:96,2
DA:100,7
DA:103,13
DA:104,13
DA:106,1
DA:109,13
DA:121,9
DA:122,9
DA:124,9
DA:126,6
DA:127,1
DA:129,5
DA:130,1
DA:132,4
DA:133,1
DA:135,3
DA:136,2
DA:140,2
DA:141,1
DA:142,1
DA:143,1
DA:145,1
DA:146,1
DA:150,6
DA:151,3
DA:152,2
DA:155,2
DA:156,1
DA:157,1
DA:158,1
DA:162,1
DA:166,9
DA:167,8
DA:171,9
DA:177,9
DA:187,2
DA:197,1
DA:203,1
LF:52
LH:52
BRDA:47,0,0,1
BRDA:47,0,1,20
BRDA:51,1,0,20
BRDA:51,1,1,19
BRDA:57,2,0,18
BRDA:69,3,0,18
BRDA:69,3,1,17
BRDA:70,4,0,18
BRDA:70,4,1,18
BRDA:71,5,0,18
BRDA:71,5,1,18
BRDA:90,6,0,9
BRDA:90,6,1,2
BRDA:94,7,0,2
BRDA:94,7,1,16
BRDA:94,8,0,18
BRDA:94,8,1,8
BRDA:124,9,0,6
BRDA:124,9,1,3
BRDA:126,10,0,1
BRDA:126,10,1,5
BRDA:129,11,0,1
BRDA:129,11,1,4
BRDA:132,12,0,1
BRDA:132,12,1,3
BRDA:135,13,0,2
BRDA:135,13,1,1
BRDA:140,14,0,1
BRDA:140,14,1,1
BRDA:142,15,0,1
BRDA:142,15,1,0
BRDA:145,16,0,1
BRDA:145,16,1,0
BRDA:151,17,0,2
BRDA:151,17,1,1
BRDA:155,18,0,1
BRDA:155,18,1,1
BRDA:155,19,0,2
BRDA:155,19,1,1
BRDA:157,20,0,1
BRDA:157,20,1,0
BRDA:166,21,0,8
BRDA:166,21,1,1
BRDA:172,22,0,8
BRDA:172,22,1,1
BRDA:173,23,0,6
BRDA:173,23,1,3
BRF:47
BRH:44
end_of_record
TN:
SF:src/providers/google.ts
FN:93,createGoogleProvider
FN:107,(anonymous_1)
FN:172,(anonymous_2)
FN:265,(anonymous_3)
FN:270,(anonymous_4)
FNF:5
FNH:5
FNDA:25,createGoogleProvider
FNDA:21,(anonymous_1)
FNDA:18,(anonymous_2)
FNDA:1,(anonymous_3)
FNDA:1,(anonymous_4)
DA:85,2
DA:94,25
DA:95,1
DA:98,24
DA:99,1
DA:102,23
DA:104,25
DA:117,21
DA:120,21
DA:123,21
DA:132,21
DA:133,1
DA:136,21
DA:137,1
DA:140,21
DA:141,2
DA:144,21
DA:147,21
DA:155,21
DA:156,21
DA:159,12
DA:166,21
DA:167,2
DA:168,2
DA:172,10
DA:174,18
DA:178,18
DA:179,10
DA:180,10
DA:184,18
DA:196,9
DA:197,9
DA:199,9
DA:201,7
DA:202,2
DA:206,2
DA:207,1
DA:209,5
DA:210,5
DA:211,1
DA:212,4
DA:213,1
DA:215,3
DA:216,1
DA:218,2
DA:219,1
DA:222,1
DA:226,7
DA:227,2
DA:228,1
DA:230,1
DA:234,9
DA:235,7
DA:239,9
DA:245,9
DA:255,2
DA:265,1
DA:271,1
LF:58
LH:58
BRDA:94,0,0,1
BRDA:94,0,1,24
BRDA:98,1,0,1
BRDA:98,1,1,23
BRDA:102,2,0,23
BRDA:102,2,1,22
BRDA:110,3,0,21
BRDA:111,4,0,21
BRDA:127,5,0,1
BRDA:127,5,1,20
BRDA:132,6,0,1
BRDA:132,6,1,20
BRDA:136,7,0,1
BRDA:136,7,1,20
BRDA:140,8,0,2
BRDA:140,8,1,19
BRDA:141,9,0,1
BRDA:141,9,1,1
BRDA:148,10,0,21
BRDA:148,10,1,0
BRDA:161,11,0,12
BRDA:161,11,1,2
BRDA:162,12,0,21
BRDA:162,12,1,0
BRDA:163,13,0,21
BRDA:163,13,1,0
BRDA:166,14,0,2
BRDA:166,14,1,19
BRDA:166,15,0,21
BRDA:166,15,1,11
BRDA:178,16,0,10
BRDA:178,16,1,8
BRDA:178,17,0,18
BRDA:178,17,1,10
BRDA:181,18,0,10
BRDA:181,18,1,2
BRDA:181,18,2,1
BRDA:199,19,0,7
BRDA:199,19,1,2
BRDA:201,20,0,2
BRDA:201,20,1,5
BRDA:206,21,0,1
BRDA:206,21,1,1
BRDA:209,22,0,5
BRDA:209,22,1,0
BRDA:210,23,0,1
BRDA:210,23,1,4
BRDA:212,24,0,1
BRDA:212,24,1,3
BRDA:215,25,0,1
BRDA:215,25,1,2
BRDA:218,26,0,1
BRDA:218,26,1,1
BRDA:227,27,0,1
BRDA:227,27,1,1
BRDA:234,28,0,7
BRDA:234,28,1,2
BRDA:240,29,0,8
BRDA:240,29,1,1
BRDA:241,30,0,7
BRDA:241,30,1,2
BRF:61
BRH:57
end_of_record
TN:
SF:src/providers/index.ts
FNF:0
FNH:0
LF:0
LH:0
BRF:0
BRH:0
end_of_record
TN:
SF:src/providers/parallel.ts
FN:126,createParallelProvider
FN:136,(anonymous_1)
FN:253,(anonymous_2)
FN:372,(anonymous_3)
FN:377,(anonymous_4)
FNF:5
FNH:5
FNDA:34,createParallelProvider
FNDA:31,(anonymous_1)
FNDA:24,(anonymous_2)
FNDA:1,(anonymous_3)
FNDA:1,(anonymous_4)
DA:113,2
DA:118,2
DA:127,34
DA:128,1
DA:131,33
DA:133,34
DA:137,31
DA:139,31
DA:140,1
DA:144,30
DA:149,30
DA:150,1
DA:154,30
DA:155,31
DA:158,31
DA:159,1
DA:161,1
DA:162,1
DA:165,1
DA:166,1
DA:169,1
DA:173,30
DA:179,2
DA:181,2
DA:182,1
DA:185,2
DA:186,1
DA:189,2
DA:190,1
DA:193,2
DA:194,1
DA:197,2
DA:201,30
DA:202,1
DA:208,30
DA:213,30
DA:219,30
DA:221,30
DA:222,30
DA:232,15
DA:241,31
DA:242,1
DA:247,15
DA:248,2
DA:249,2
DA:253,13
DA:256,24
DA:257,24
DA:259,1
DA:264,24
DA:265,24
DA:266,24
DA:268,24
DA:281,15
DA:282,15
DA:284,15
DA:286,12
DA:287,1
DA:288,11
DA:289,1
DA:291,10
DA:292,1
DA:294,9
DA:295,3
DA:298,3
DA:299,1
DA:300,2
DA:301,1
DA:302,1
DA:303,1
DA:306,6
DA:307,5
DA:310,5
DA:311,1
DA:313,4
DA:314,1
DA:315,3
DA:316,1
DA:317,2
DA:318,1
DA:320,1
DA:321,1
DA:325,12
DA:326,3
DA:327,2
DA:330,2
DA:331,1
DA:332,1
DA:333,1
DA:337,1
DA:341,15
DA:342,14
DA:346,15
DA:352,15
DA:362,2
DA:372,1
DA:378,1
LF:97
LH:97
BRDA:127,0,0,1
BRDA:127,0,1,33
BRDA:131,1,0,33
BRDA:131,1,1,32
BRDA:137,2,0,31
BRDA:139,3,0,1
BRDA:139,3,1,30
BRDA:149,4,0,1
BRDA:149,4,1,29
BRDA:154,5,0,30
BRDA:154,5,1,0
BRDA:154,5,2,0
BRDA:158,6,0,1
BRDA:158,6,1,30
BRDA:158,7,0,31
BRDA:158,7,1,29
BRDA:161,8,0,1
BRDA:161,8,1,0
BRDA:165,9,0,1
BRDA:165,9,1,0
BRDA:173,10,0,2
BRDA:173,10,1,28
BRDA:174,11,0,30
BRDA:174,11,1,29
BRDA:174,11,2,29
BRDA:174,11,3,28
BRDA:181,12,0,1
BRDA:181,12,1,1
BRDA:185,13,0,1
BRDA:185,13,1,1
BRDA:189,14,0,1
BRDA:189,14,1,1
BRDA:193,15,0,1
BRDA:193,15,1,1
BRDA:201,16,0,1
BRDA:201,16,1,29
BRDA:234,17,0,15
BRDA:234,17,1,2
BRDA:235,18,0,31
BRDA:235,18,1,0
BRDA:236,19,0,31
BRDA:236,19,1,14
BRDA:237,20,0,31
BRDA:237,20,1,15
BRDA:241,21,0,1
BRDA:241,21,1,30
BRDA:241,22,0,31
BRDA:241,22,1,1
BRDA:247,23,0,2
BRDA:247,23,1,13
BRDA:247,24,0,15
BRDA:247,24,1,14
BRDA:264,25,0,24
BRDA:264,25,1,0
BRDA:265,26,0,12
BRDA:265,26,1,12
BRDA:266,27,0,12
BRDA:266,27,1,12
BRDA:270,28,0,24
BRDA:270,28,1,12
BRDA:284,29,0,12
BRDA:284,29,1,3
BRDA:286,30,0,1
BRDA:286,30,1,11
BRDA:288,31,0,1
BRDA:288,31,1,10
BRDA:291,32,0,1
BRDA:291,32,1,9
BRDA:294,33,0,3
BRDA:294,33,1,6
BRDA:298,34,0,1
BRDA:298,34,1,2
BRDA:298,35,0,3
BRDA:298,35,1,2
BRDA:300,36,0,1
BRDA:300,36,1,1
BRDA:302,37,0,1
BRDA:302,37,1,0
BRDA:306,38,0,5
BRDA:306,38,1,1
BRDA:310,39,0,1
BRDA:310,39,1,4
BRDA:313,40,0,1
BRDA:313,40,1,3
BRDA:315,41,0,1
BRDA:315,41,1,2
BRDA:317,42,0,1
BRDA:317,42,1,1
BRDA:320,43,0,1
BRDA:320,43,1,0
BRDA:326,44,0,2
BRDA:326,44,1,1
BRDA:330,45,0,1
BRDA:330,45,1,1
BRDA:330,46,0,2
BRDA:330,46,1,1
BRDA:332,47,0,1
BRDA:332,47,1,0
BRDA:341,48,0,14
BRDA:341,48,1,1
BRDA:347,49,0,14
BRDA:347,49,1,1
BRDA:348,50,0,12
BRDA:348,50,1,3
BRF:104
BRH:95
end_of_record
TN:
SF:src/providers/perplexity.ts
FN:71,createPerplexityProvider
FN:81,(anonymous_1)
FN:169,(anonymous_2)
FN:273,(anonymous_3)
FN:278,(anonymous_4)
FNF:5
FNH:5
FNDA:30,createPerplexityProvider
FNDA:27,(anonymous_1)
FNDA:27,(anonymous_2)
FNDA:1,(anonymous_3)
FNDA:1,(anonymous_4)
DA:63,2
DA:72,30
DA:73,1
DA:76,29
DA:78,30
DA:82,27
DA:84,27
DA:85,1
DA:89,26
DA:94,26
DA:96,26
DA:97,26
DA:100,26
DA:101,1
DA:104,26
DA:105,1
DA:108,26
DA:109,1
DA:112,26
DA:113,1
DA:114,25
DA:115,1
DA:118,26
DA:119,1
DA:122,26
DA:123,1
DA:126,26
DA:127,1
DA:131,26
DA:132,1
DA:133,25
DA:135,1
DA:139,26
DA:147,26
DA:148,26
DA:157,16
DA:163,27
DA:164,2
DA:165,2
DA:169,14
DA:172,27
DA:173,27
DA:175,1
DA:179,27
DA:181,27
DA:193,10
DA:194,10
DA:196,10
DA:198,7
DA:199,1
DA:200,6
DA:201,1
DA:203,5
DA:204,1
DA:206,4
DA:207,3
DA:210,3
DA:211,1
DA:212,2
DA:213,1
DA:215,1
DA:219,1
DA:221,1
DA:222,1
DA:226,7
DA:227,3
DA:228,2
DA:231,2
DA:232,1
DA:233,1
DA:234,1
DA:238,1
DA:242,10
DA:243,9
DA:247,10
DA:253,10
DA:263,2
DA:273,1
DA:279,1
LF:79
LH:79
BRDA:72,0,0,1
BRDA:72,0,1,29
BRDA:76,1,0,29
BRDA:76,1,1,28
BRDA:82,2,0,27
BRDA:84,3,0,1
BRDA:84,3,1,26
BRDA:94,4,0,26
BRDA:94,4,1,0
BRDA:100,5,0,1
BRDA:100,5,1,25
BRDA:104,6,0,1
BRDA:104,6,1,25
BRDA:108,7,0,1
BRDA:108,7,1,25
BRDA:112,8,0,1
BRDA:112,8,1,25
BRDA:114,9,0,1
BRDA:114,9,1,24
BRDA:118,10,0,1
BRDA:118,10,1,25
BRDA:122,11,0,1
BRDA:122,11,1,25
BRDA:126,12,0,1
BRDA:126,12,1,25
BRDA:131,13,0,1
BRDA:131,13,1,25
BRDA:133,14,0,1
BRDA:133,14,1,24
BRDA:159,15,0,16
BRDA:159,15,1,2
BRDA:163,16,0,2
BRDA:163,16,1,25
BRDA:163,17,0,27
BRDA:163,17,1,15
BRDA:179,18,0,27
BRDA:179,18,1,14
BRDA:196,19,0,7
BRDA:196,19,1,3
BRDA:198,20,0,1
BRDA:198,20,1,6
BRDA:200,21,0,1
BRDA:200,21,1,5
BRDA:203,22,0,1
BRDA:203,22,1,4
BRDA:206,23,0,3
BRDA:206,23,1,1
BRDA:210,24,0,1
BRDA:210,24,1,2
BRDA:212,25,0,1
BRDA:212,25,1,1
BRDA:215,26,0,1
BRDA:215,26,1,0
BRDA:216,27,0,1
BRDA:216,27,1,0
BRDA:221,28,0,1
BRDA:221,28,1,0
BRDA:227,29,0,2
BRDA:227,29,1,1
BRDA:231,30,0,1
BRDA:231,30,1,1
BRDA:231,31,0,2
BRDA:231,31,1,1
BRDA:233,32,0,1
BRDA:233,32,1,0
BRDA:242,33,0,9
BRDA:242,33,1,1
BRDA:248,34,0,9
BRDA:248,34,1,1
BRDA:249,35,0,7
BRDA:249,35,1,3
BRF:71
BRH:66
end_of_record
TN:
SF:src/providers/searxng.ts
FN:47,createSearxNGProvider
FN:55,(anonymous_1)
FN:86,(anonymous_2)
FN:131,(anonymous_3)
FN:220,(anonymous_4)
FN:225,(anonymous_5)
FNF:6
FNH:6
FNDA:22,createSearxNGProvider
FNDA:19,(anonymous_1)
FNDA:2,(anonymous_2)
FNDA:17,(anonymous_3)
FNDA:1,(anonymous_4)
FNDA:1,(anonymous_5)
DA:48,22
DA:49,1
DA:52,21
DA:63,19
DA:66,19
DA:67,19
DA:68,19
DA:70,19
DA:71,19
DA:74,19
DA:75,1
DA:79,19
DA:80,3
DA:81,3
DA:85,19
DA:86,1
DA:87,2
DA:92,19
DA:93,1
DA:97,19
DA:114,19
DA:115,19
DA:118,10
DA:125,19
DA:126,1
DA:127,1
DA:131,9
DA:134,17
DA:135,17
DA:137,1
DA:140,17
DA:152,9
DA:153,9
DA:155,9
DA:157,5
DA:158,1
DA:160,4
DA:161,1
DA:163,3
DA:164,1
DA:166,2
DA:167,1
DA:168,1
DA:169,1
DA:172,5
DA:173,4
DA:174,3
DA:177,3
DA:178,2
DA:180,1
DA:181,1
DA:185,1
DA:189,9
DA:190,8
DA:194,9
DA:200,9
DA:210,2
DA:220,1
DA:226,1
LF:59
LH:59
BRDA:48,0,0,1
BRDA:48,0,1,21
BRDA:58,1,0,19
BRDA:67,2,0,19
BRDA:67,2,1,0
BRDA:70,3,0,19
BRDA:70,3,1,0
BRDA:74,4,0,1
BRDA:74,4,1,18
BRDA:79,5,0,3
BRDA:79,5,1,16
BRDA:80,6,0,1
BRDA:80,6,1,2
BRDA:80,7,0,1
BRDA:80,7,1,1
BRDA:85,8,0,1
BRDA:85,8,1,18
BRDA:92,9,0,1
BRDA:92,9,1,18
BRDA:103,10,0,3
BRDA:103,10,1,16
BRDA:104,11,0,1
BRDA:104,11,1,2
BRDA:106,12,0,1
BRDA:106,12,1,1
BRDA:120,13,0,10
BRDA:120,13,1,1
BRDA:121,14,0,19
BRDA:121,14,1,0
BRDA:125,15,0,1
BRDA:125,15,1,18
BRDA:125,16,0,19
BRDA:125,16,1,10
BRDA:145,17,0,17
BRDA:145,17,1,9
BRDA:155,18,0,5
BRDA:155,18,1,4
BRDA:157,19,0,1
BRDA:157,19,1,4
BRDA:157,20,0,5
BRDA:157,20,1,4
BRDA:160,21,0,1
BRDA:160,21,1,3
BRDA:163,22,0,1
BRDA:163,22,1,2
BRDA:166,23,0,1
BRDA:166,23,1,1
BRDA:168,24,0,1
BRDA:168,24,1,0
BRDA:173,25,0,3
BRDA:173,25,1,1
BRDA:177,26,0,2
BRDA:177,26,1,1
BRDA:177,27,0,3
BRDA:177,27,1,2
BRDA:180,28,0,1
BRDA:180,28,1,0
BRDA:189,29,0,8
BRDA:189,29,1,1
BRDA:195,30,0,8
BRDA:195,30,1,1
BRDA:196,31,0,5
BRDA:196,31,1,4
BRF:63
BRH:58
end_of_record
TN:
SF:src/providers/serpapi.ts
FN:74,createSerpApiProvider
FN:85,(anonymous_1)
FN:151,(anonymous_2)
FN:237,(anonymous_3)
FN:242,(anonymous_4)
FNF:5
FNH:5
FNDA:21,createSerpApiProvider
FNDA:18,(anonymous_1)
FNDA:8,(anonymous_2)
FNDA:1,(anonymous_3)
FNDA:1,(anonymous_4)
DA:66,2
DA:75,21
DA:76,1
DA:79,20
DA:80,21
DA:82,21
DA:95,18
DA:98,18
DA:107,18
DA:108,1
DA:111,18
DA:112,1
DA:115,18
DA:116,1
DA:119,18
DA:122,18
DA:130,18
DA:131,18
DA:134,10
DA:141,18
DA:142,1
DA:145,9
DA:146,1
DA:147,1
DA:151,8
DA:153,8
DA:155,8
DA:167,9
DA:168,9
DA:170,9
DA:172,5
DA:173,1
DA:174,4
DA:175,1
DA:177,3
DA:178,2
DA:182,2
DA:183,1
DA:185,1
DA:186,1
DA:190,5
DA:191,4
DA:192,3
DA:195,3
DA:196,2
DA:197,1
DA:198,1
DA:202,1
DA:206,9
DA:207,8
DA:211,9
DA:217,9
DA:227,2
DA:237,1
DA:243,1
LF:55
LH:55
BRDA:75,0,0,1
BRDA:75,0,1,20
BRDA:79,1,0,20
BRDA:79,1,1,19
BRDA:80,2,0,21
BRDA:80,2,1,19
BRDA:88,3,0,18
BRDA:89,4,0,18
BRDA:103,5,0,1
BRDA:103,5,1,17
BRDA:107,6,0,1
BRDA:107,6,1,17
BRDA:111,7,0,1
BRDA:111,7,1,17
BRDA:115,8,0,1
BRDA:115,8,1,17
BRDA:123,9,0,18
BRDA:123,9,1,0
BRDA:135,10,0,1
BRDA:135,10,1,9
BRDA:136,11,0,18
BRDA:136,11,1,2
BRDA:137,12,0,18
BRDA:137,12,1,0
BRDA:141,13,0,1
BRDA:141,13,1,17
BRDA:145,14,0,1
BRDA:145,14,1,8
BRDA:145,15,0,9
BRDA:145,15,1,9
BRDA:170,16,0,5
BRDA:170,16,1,4
BRDA:172,17,0,1
BRDA:172,17,1,4
BRDA:172,18,0,5
BRDA:172,18,1,4
BRDA:174,19,0,1
BRDA:174,19,1,3
BRDA:177,20,0,2
BRDA:177,20,1,1
BRDA:182,21,0,1
BRDA:182,21,1,1
BRDA:185,22,0,1
BRDA:185,22,1,0
BRDA:191,23,0,3
BRDA:191,23,1,1
BRDA:195,24,0,2
BRDA:195,24,1,1
BRDA:197,25,0,1
BRDA:197,25,1,0
BRDA:197,26,0,1
BRDA:197,26,1,0
BRDA:206,27,0,8
BRDA:206,27,1,1
BRDA:212,28,0,8
BRDA:212,28,1,1
BRDA:213,29,0,5
BRDA:213,29,1,4
BRF:58
BRH:53
end_of_record
TN:
SF:src/providers/tavily.ts
FN:68,createTavilyProvider
FN:78,(anonymous_1)
FN:140,(anonymous_2)
FN:236,(anonymous_3)
FN:241,(anonymous_4)
FNF:5
FNH:5
FNDA:25,createTavilyProvider
FNDA:22,(anonymous_1)
FNDA:21,(anonymous_2)
FNDA:1,(anonymous_3)
FNDA:1,(anonymous_4)
DA:60,2
DA:69,25
DA:70,1
DA:73,24
DA:75,25
DA:88,22
DA:91,22
DA:101,22
DA:102,3
DA:105,22
DA:106,2
DA:109,22
DA:110,1
DA:114,22
DA:122,22
DA:123,22
DA:126,13
DA:134,22
DA:135,2
DA:136,2
DA:140,11
DA:143,21
DA:144,21
DA:146,1
DA:149,21
DA:161,9
DA:162,9
DA:164,9
DA:166,6
DA:167,1
DA:168,5
DA:169,1
DA:171,4
DA:172,1
DA:174,3
DA:175,2
DA:179,2
DA:180,1
DA:181,1
DA:182,1
DA:184,1
DA:185,1
DA:189,6
DA:190,3
DA:191,2
DA:194,2
DA:195,1
DA:196,1
DA:197,1
DA:201,1
DA:205,9
DA:206,8
DA:210,9
DA:216,9
DA:226,2
DA:236,1
DA:242,1
LF:57
LH:57
BRDA:69,0,0,1
BRDA:69,0,1,24
BRDA:73,1,0,24
BRDA:73,1,1,23
BRDA:81,2,0,22
BRDA:82,3,0,22
BRDA:92,4,0,22
BRDA:92,4,1,0
BRDA:93,5,0,22
BRDA:93,5,1,0
BRDA:95,6,0,22
BRDA:95,6,1,22
BRDA:96,7,0,22
BRDA:96,7,1,21
BRDA:97,8,0,22
BRDA:97,8,1,22
BRDA:101,9,0,3
BRDA:101,9,1,19
BRDA:101,10,0,22
BRDA:101,10,1,20
BRDA:102,11,0,2
BRDA:102,11,1,1
BRDA:102,12,0,2
BRDA:102,12,1,1
BRDA:105,13,0,2
BRDA:105,13,1,20
BRDA:105,14,0,22
BRDA:105,14,1,3
BRDA:109,15,0,1
BRDA:109,15,1,21
BRDA:128,16,0,13
BRDA:128,16,1,2
BRDA:134,17,0,2
BRDA:134,17,1,20
BRDA:134,18,0,22
BRDA:134,18,1,12
BRDA:164,19,0,6
BRDA:164,19,1,3
BRDA:166,20,0,1
BRDA:166,20,1,5
BRDA:168,21,0,1
BRDA:168,21,1,4
BRDA:171,22,0,1
BRDA:171,22,1,3
BRDA:174,23,0,2
BRDA:174,23,1,1
BRDA:179,24,0,1
BRDA:179,24,1,1
BRDA:181,25,0,1
BRDA:181,25,1,0
BRDA:184,26,0,1
BRDA:184,26,1,0
BRDA:190,27,0,2
BRDA:190,27,1,1
BRDA:194,28,0,1
BRDA:194,28,1,1
BRDA:194,29,0,2
BRDA:194,29,1,1
BRDA:196,30,0,1
BRDA:196,30,1,0
BRDA:205,31,0,8
BRDA:205,31,1,1
BRDA:211,32,0,8
BRDA:211,32,1,1
BRDA:212,33,0,6
BRDA:212,33,1,3
BRF:66
BRH:61
end_of_record
TN:
SF:src/types/index.ts
FNF:0
FNH:0
LF:0
LH:0
BRF:0
BRH:0
end_of_record
TN:
SF:src/utils/debug.ts
FN:10,(anonymous_0)
FN:30,(anonymous_1)
FN:47,(anonymous_2)
FN:64,(anonymous_3)
FNF:4
FNH:4
FNDA:6,(anonymous_0)
FNDA:262,(anonymous_1)
FNDA:221,(anonymous_2)
FNDA:136,(anonymous_3)
DA:6,12
DA:11,6
DA:12,3
DA:14,3
DA:22,12
DA:31,262
DA:32,262
DA:33,10
DA:34,10
DA:35,10
DA:48,221
DA:49,221
DA:50,2
DA:51,2
DA:52,2
DA:65,136
DA:66,136
DA:67,2
DA:68,2
DA:69,2
LF:20
LH:20
BRDA:11,0,0,3
BRDA:11,0,1,3
BRDA:32,1,0,10
BRDA:32,1,1,252
BRDA:33,2,0,10
BRDA:33,2,1,0
BRDA:34,3,0,10
BRDA:34,3,1,0
BRDA:49,4,0,2
BRDA:49,4,1,219
BRDA:49,5,0,221
BRDA:49,5,1,4
BRDA:50,6,0,2
BRDA:50,6,1,0
BRDA:51,7,0,2
BRDA:51,7,1,0
BRDA:66,8,0,2
BRDA:66,8,1,134
BRDA:66,9,0,136
BRDA:66,9,1,6
BRDA:67,10,0,2
BRDA:67,10,1,0
BRDA:68,11,0,2
BRDA:68,11,1,0
BRF:24
BRH:18
end_of_record
TN:
SF:src/utils/http.ts
FN:29,(anonymous_0)
FN:39,(anonymous_1)
FN:80,makeRequest
FN:85,(anonymous_3)
FN:194,get
FN:204,post
FN:215,buildUrl
FN:222,(anonymous_7)
FNF:8
FNH:7
FNDA:82,(anonymous_0)
FNDA:71,(anonymous_1)
FNDA:244,makeRequest
FNDA:0,(anonymous_3)
FNDA:121,get
FNDA:106,post
FNDA:44,buildUrl
FNDA:210,(anonymous_7)
DA:30,82
DA:31,82
DA:32,82
DA:33,82
DA:40,71
DA:42,70
DA:44,70
DA:45,69
DA:46,69
DA:50,69
DA:51,69
DA:52,69
DA:53,69
DA:56,2
DA:61,1
DA:64,0
DA:71,12
DA:81,244
DA:84,244
DA:85,244
DA:87,244
DA:89,244
DA:99,244
DA:100,108
DA:101,108
DA:103,108
DA:104,33
DA:110,0
DA:115,244
DA:118,211
DA:119,66
DA:126,66
DA:127,66
DA:128,66
DA:130,66
DA:131,65
DA:137,65
DA:138,8
DA:139,8
DA:140,6
DA:141,2
DA:142,1
DA:143,1
DA:147,1
DA:149,57
DA:152,3
DA:153,54
DA:154,51
DA:155,3
DA:156,1
DA:159,2
DA:162,65
DA:163,1
DA:165,1
DA:172,66
DA:176,145
DA:177,145
DA:180,99
DA:181,1
DA:185,98
DA:187,244
DA:198,121
DA:209,106
DA:219,44
DA:222,44
DA:223,210
DA:224,192
DA:228,44
LF:68
LH:66
BRDA:40,0,0,1
BRDA:40,0,1,70
BRDA:44,1,0,69
BRDA:44,1,1,1
BRDA:50,2,0,69
BRDA:50,2,1,0
BRDA:80,3,0,244
BRDA:81,4,0,244
BRDA:81,5,0,244
BRDA:81,6,0,244
BRDA:99,7,0,108
BRDA:99,7,1,136
BRDA:99,8,0,244
BRDA:99,8,1,109
BRDA:100,9,0,108
BRDA:100,9,1,0
BRDA:103,10,0,33
BRDA:103,10,1,75
BRDA:118,11,0,66
BRDA:118,11,1,145
BRDA:128,12,0,66
BRDA:128,12,1,0
BRDA:130,13,0,65
BRDA:130,13,1,1
BRDA:137,14,0,8
BRDA:137,14,1,57
BRDA:137,15,0,65
BRDA:137,15,1,8
BRDA:139,16,0,6
BRDA:139,16,1,2
BRDA:141,17,0,1
BRDA:141,17,1,1
BRDA:141,18,0,2
BRDA:141,18,1,1
BRDA:143,19,0,1
BRDA:143,19,1,0
BRDA:144,20,0,1
BRDA:144,20,1,0
BRDA:149,21,0,3
BRDA:149,21,1,54
BRDA:153,22,0,51
BRDA:153,22,1,3
BRDA:155,23,0,1
BRDA:155,23,1,2
BRDA:163,24,0,1
BRDA:163,24,1,0
BRDA:180,25,0,1
BRDA:180,25,1,98
BRDA:180,26,0,99
BRDA:180,26,1,85
BRDA:196,27,0,121
BRDA:207,28,0,106
BRDA:223,29,0,192
BRDA:223,29,1,18
BRF:54
BRH:48
end_of_record
TN:
SF:src/utils/index.ts
FNF:0
FNH:0
LF:0
LH:0
BRF:0
BRH:0
end_of_record
